2023-06-09 10:11:50:1150 [32minfo[39m: [32mServer running on port 5000[39m
2023-06-09 10:12:07:127 [32minfo[39m: [32mChecking the API status: Everything is OK[39m
2023-06-09 10:12:07:127 [35mhttp[39m: [35mGET / 304 - - 9.386 ms[39m
[35m[39m
2023-06-09 10:12:10:1210 [35mhttp[39m: [35mGET /favicon.ico 404 150 - 4.835 ms[39m
[35m[39m
2023-06-09 10:13:23:1323 [32minfo[39m: [32mServer running on port 5000[39m
2023-06-09 10:13:33:1333 [32minfo[39m: [32mServer running on port 5000[39m
2023-06-09 10:35:03:353 [32minfo[39m: [32mServer running on port 5000[39m
2023-06-09 10:59:06:596 [32minfo[39m: [32mServer running on port 5000[39m
2023-06-09 11:06:55:655 [32minfo[39m: [32mServer running on port 5000[39m
2023-06-09 11:09:41:941 [32minfo[39m: [32mServer running on port 5000[39m
2023-06-09 11:10:11:1011 [32minfo[39m: [32mServer running on port 5000[39m
2023-06-09 11:11:08:118 [32minfo[39m: [32mServer running on port 5000[39m
2023-06-09 11:14:06:146 [32minfo[39m: [32mServer running on port 5000[39m
2023-06-09 11:15:46:1546 [32minfo[39m: [32mServer running on port 5000[39m
2023-06-09 11:16:44:1644 [32minfo[39m: [32mServer running on port 5000[39m
2023-06-09 11:32:08:328 [32minfo[39m: [32mServer running on port 5000[39m
2023-06-09 11:38:10:3810 [32minfo[39m: [32mServer running on port 5000[39m
2023-06-09 11:38:54:3854 [32minfo[39m: [32mServer running on port 5000[39m
2023-06-09 11:39:19:3919 [32minfo[39m: [32mServer running on port 5000[39m
2023-06-09 11:39:29:3929 [32minfo[39m: [32mServer running on port 5000[39m
2023-06-09 11:40:05:405 [32minfo[39m: [32mServer running on port 5000[39m
2023-06-09 11:41:43:4143 [35mhttp[39m: [35mPOST /api/upload 500 1277 - 31.803 ms[39m
[35m[39m
2023-06-09 11:42:07:427 [35mhttp[39m: [35mPOST /api/upload 500 1277 - 4.278 ms[39m
[35m[39m
2023-06-09 11:44:06:446 [35mhttp[39m: [35mPOST /api/upload 500 1283 - 8.570 ms[39m
[35m[39m
2023-06-09 11:44:22:4422 [35mhttp[39m: [35mPOST /api/upload 200 26 - 11.275 ms[39m
[35m[39m
2023-06-09 11:45:49:4549 [32minfo[39m: [32mServer running on port 5000[39m
2023-06-09 11:46:15:4615 [32minfo[39m: [32mServer running on port 5000[39m
2023-06-09 11:46:16:4616 [32minfo[39m: [32mFile uploaded successfully[39m
2023-06-09 11:46:16:4616 [32minfo[39m: [32m{[39m
[32m  fieldname: 'file',[39m
[32m  originalname: 'Taskfile.xlsx',[39m
[32m  encoding: '7bit',[39m
[32m  mimetype: 'application/vnd.openxmlformats-officedocument.spreadsheetml.sheet',[39m
[32m  destination: './uploads',[39m
[32m  filename: 'file-1686300376775-230256545.xlsx',[39m
[32m  path: 'uploads\\file-1686300376775-230256545.xlsx',[39m
[32m  size: 24561[39m
[32m}[39m
2023-06-09 11:46:16:4616 [32minfo[39m: [32m[Object: null prototype] {}[39m
2023-06-09 11:46:16:4616 [35mhttp[39m: [35mPOST /api/upload 200 26 - 31.709 ms[39m
[35m[39m
2023-06-09 11:48:50:4850 [32minfo[39m: [32mServer running on port 5000[39m
2023-06-09 11:48:58:4858 [32minfo[39m: [32mServer running on port 5000[39m
2023-06-09 11:49:23:4923 [32minfo[39m: [32mServer running on port 5000[39m
2023-06-09 11:49:26:4926 [32minfo[39m: [32mFile uploaded successfully[39m
2023-06-09 11:49:26:4926 [32minfo[39m: [32m{[39m
[32m  fieldname: 'file',[39m
[32m  originalname: 'Taskfile.xlsx',[39m
[32m  encoding: '7bit',[39m
[32m  mimetype: 'application/vnd.openxmlformats-officedocument.spreadsheetml.sheet',[39m
[32m  destination: './uploads',[39m
[32m  filename: 'file-1686300566989-659185900.xlsx',[39m
[32m  path: 'uploads\\file-1686300566989-659185900.xlsx',[39m
[32m  size: 24561[39m
[32m}[39m
2023-06-09 11:49:27:4927 [32minfo[39m: [32m[Object: null prototype] {}[39m
2023-06-09 11:49:27:4927 [35mhttp[39m: [35mPOST /api/upload 200 26 - 32.230 ms[39m
[35m[39m
2023-06-09 11:49:34:4934 [35mhttp[39m: [35mPOST /api/upload 500 42 - 2.745 ms[39m
[35m[39m
2023-06-09 11:57:30:5730 [32minfo[39m: [32mServer running on port 5000[39m
2023-06-09 11:57:50:5750 [32minfo[39m: [32mServer running on port 5000[39m
2023-06-09 11:58:07:587 [32minfo[39m: [32mServer running on port 5000[39m
2023-06-09 11:58:40:5840 [32minfo[39m: [32mServer running on port 5000[39m
2023-06-09 11:59:17:5917 [32minfo[39m: [32mServer running on port 5000[39m
2023-06-09 12:00:41:041 [32minfo[39m: [32mServer running on port 5000[39m
2023-06-09 12:01:15:115 [32minfo[39m: [32mServer running on port 5000[39m
2023-06-09 12:01:27:127 [32minfo[39m: [32mServer running on port 5000[39m
2023-06-09 12:01:55:155 [32minfo[39m: [32mServer running on port 5000[39m
2023-06-09 12:02:20:220 [32minfo[39m: [32mServer running on port 5000[39m
2023-06-09 12:03:21:321 [32minfo[39m: [32mServer running on port 5000[39m
2023-06-09 12:07:49:749 [32minfo[39m: [32mServer running on port 5000[39m
2023-06-09 12:08:00:80 [32minfo[39m: [32mServer running on port 5000[39m
2023-06-09 12:11:00:110 [32minfo[39m: [32mServer running on port 5000[39m
2023-06-09 12:11:26:1126 [32minfo[39m: [32mServer running on port 5000[39m
2023-06-09 12:15:06:156 [32minfo[39m: [32mServer running on port 5000[39m
2023-06-09 12:15:30:1530 [32minfo[39m: [32mServer running on port 5000[39m
2023-06-09 12:16:17:1617 [32minfo[39m: [32mServer running on port 3001[39m
2023-06-09 12:20:36:2036 [35mhttp[39m: [35mPOST /api/upload 500 42 - 11.271 ms[39m
[35m[39m
2023-06-09 12:20:48:2048 [35mhttp[39m: [35mPOST /api/upload 500 41 - 212.348 ms[39m
[35m[39m
2023-06-09 12:22:22:2222 [32minfo[39m: [32mServer running on port 3001[39m
2023-06-09 12:22:44:2244 [35mhttp[39m: [35mPOST /api/upload 200 2 - 266.395 ms[39m
[35m[39m
2023-06-09 12:24:43:2443 [32minfo[39m: [32mServer running on port 3001[39m
2023-06-09 12:24:48:2448 [35mhttp[39m: [35mPOST /api/upload 200 2 - 221.098 ms[39m
[35m[39m
2023-06-09 12:28:47:2847 [32minfo[39m: [32mServer running on port 3001[39m
2023-06-09 12:28:54:2854 [35mhttp[39m: [35mPOST /api/upload 500 486 - 180.298 ms[39m
[35m[39m
2023-06-09 12:30:13:3013 [32minfo[39m: [32mServer running on port 3001[39m
2023-06-09 12:31:18:3118 [32minfo[39m: [32mServer running on port 3001[39m
2023-06-09 12:34:50:3450 [32minfo[39m: [32mServer running on port 3001[39m
2023-06-09 12:35:04:354 [32minfo[39m: [32mServer running on port 3001[39m
2023-06-09 12:35:19:3519 [32minfo[39m: [32mServer running on port 3001[39m
2023-06-09 12:35:25:3525 [35mhttp[39m: [35mPOST /api/upload 500 486 - 316.703 ms[39m
[35m[39m
2023-06-09 12:35:25:3525 [35mhttp[39m: [35mPOST /api/upload 500 486 - 308.207 ms[39m
[35m[39m
2023-06-09 12:36:00:360 [32minfo[39m: [32mServer running on port 3001[39m
2023-06-09 12:37:51:3751 [32minfo[39m: [32mServer running on port 3001[39m
2023-06-09 12:38:00:380 [35mhttp[39m: [35mPOST /api/upload 500 791 - 204.234 ms[39m
[35m[39m
2023-06-09 12:39:06:396 [32minfo[39m: [32mServer running on port 3001[39m
2023-06-09 12:40:58:4058 [32minfo[39m: [32mServer running on port 3001[39m
2023-06-09 12:41:04:414 [35mhttp[39m: [35mPOST /api/upload 200 14209 - 1945.451 ms[39m
[35m[39m
2023-06-09 12:44:45:4445 [32minfo[39m: [32mServer running on port 3001[39m
2023-06-09 12:45:05:455 [35mhttp[39m: [35mPOST /api/upload 200 14209 - 955.745 ms[39m
[35m[39m
2023-06-09 14:25:34:2534 [32minfo[39m: [32mServer running on port 3001[39m
2023-06-09 14:26:59:2659 [32minfo[39m: [32mServer running on port 3001[39m
2023-06-09 14:31:21:3121 [32minfo[39m: [32mServer running on port 3001[39m
2023-06-09 14:33:05:335 [32minfo[39m: [32mServer running on port 3001[39m
2023-06-09 14:34:48:3448 [32minfo[39m: [32mServer running on port 3001[39m
2023-06-09 14:35:30:3530 [32minfo[39m: [32mServer running on port 3001[39m
2023-06-09 14:35:35:3535 [35mhttp[39m: [35mPOST /api/upload 200 14209 - 2285.082 ms[39m
[35m[39m
2023-06-09 14:36:20:3620 [32minfo[39m: [32mServer running on port 3001[39m
2023-06-09 14:36:38:3638 [35mhttp[39m: [35mPOST /api/upload 200 14288 - 1464.610 ms[39m
[35m[39m
2023-06-09 14:37:14:3714 [32minfo[39m: [32mServer running on port 3001[39m
2023-06-09 14:37:38:3738 [32minfo[39m: [32mServer running on port 3001[39m
2023-06-09 14:38:10:3810 [32minfo[39m: [32mServer running on port 3001[39m
2023-06-09 14:38:12:3812 [35mhttp[39m: [35mPOST /api/upload 200 14053 - 1963.958 ms[39m
[35m[39m
2023-06-09 14:38:49:3849 [32minfo[39m: [32mServer running on port 3001[39m
2023-06-09 14:42:33:4233 [32minfo[39m: [32mServer running on port 5000[39m
2023-06-09 14:42:45:4245 [32minfo[39m: [32mServer running on port 3001[39m
2023-06-09 14:43:37:4337 [32minfo[39m: [32mServer running on port 3001[39m
2023-06-09 14:53:53:5353 [32minfo[39m: [32mServer running on port 3001[39m
2023-06-09 14:55:38:5538 [32minfo[39m: [32mServer running on port 3001[39m
2023-06-09 14:56:53:5653 [32minfo[39m: [32mServer running on port 3001[39m
2023-06-09 14:57:31:5731 [32minfo[39m: [32mServer running on port 3001[39m
2023-06-09 14:57:45:5745 [32minfo[39m: [32mServer running on port 3001[39m
2023-06-09 14:59:15:5915 [32minfo[39m: [32mServer running on port 3001[39m
2023-06-09 14:59:40:5940 [32minfo[39m: [32mServer running on port 3001[39m
2023-06-09 14:59:51:5951 [32minfo[39m: [32mServer running on port 3001[39m
2023-06-09 15:00:05:05 [32minfo[39m: [32mServer running on port 3001[39m
2023-06-09 15:01:06:16 [32minfo[39m: [32mServer running on port 3001[39m
2023-06-09 15:01:11:111 [35mhttp[39m: [35mGET /api/product 200 14053 - 194.442 ms[39m
[35m[39m
2023-06-09 15:01:54:154 [35mhttp[39m: [35mGET /api/product/a0c73b58-9838-46dc-8744-430b7b4437b1 200 181 - 16.575 ms[39m
[35m[39m
2023-06-09 15:03:02:32 [32minfo[39m: [32mServer running on port 3001[39m
2023-06-09 15:03:31:331 [32minfo[39m: [32mServer running on port 3001[39m
2023-06-09 15:05:48:548 [32minfo[39m: [32mServer running on port 3001[39m
2023-06-09 15:05:48:548 [35mhttp[39m: [35mPATCH /api/product/a0c73b58-9838-46dc-8744-430b7b4437b1 200 176 - 93.211 ms[39m
[35m[39m
2023-06-09 15:06:26:626 [35mhttp[39m: [35mPOST /api/product 200 172 - 18.812 ms[39m
[35m[39m
2023-06-09 15:06:46:646 [35mhttp[39m: [35mDELETE /api/product/790e51d2-3d38-4967-b3ec-995f04afdc25 200 172 - 49.453 ms[39m
[35m[39m
2023-06-09 15:10:17:1017 [32minfo[39m: [32mServer running on port 3001[39m
2023-06-09 15:10:20:1020 [35mhttp[39m: [35mDELETE /api/product/790e51d2-3d38-4967-b3ec-995f04afdc25 404 29 - 49.096 ms[39m
[35m[39m
2023-06-09 20:23:19:2319 [32minfo[39m: [32mServer running on port 3001[39m
2023-06-10 10:28:53:2853 [32minfo[39m: [32mServer running on port 3001[39m
2023-06-10 13:10:06:106 [32minfo[39m: [32mServer running on port 3001[39m
2023-06-10 13:27:13:2713 [35mhttp[39m: [35mPOST /api/upload 500 42 - 10.960 ms[39m
[35m[39m
2023-06-10 13:28:16:2816 [35mhttp[39m: [35mGET /api/product/ 200 14048 - 415.568 ms[39m
[35m[39m
2023-06-10 13:55:47:5547 [35mhttp[39m: [35mPOST /api/upload 500 30 - 40.157 ms[39m
[35m[39m
2023-06-10 14:00:43:043 [32minfo[39m: [32mServer running on port 3001[39m
2023-06-10 14:01:04:14 [35mhttp[39m: [35mPOST /api/upload 500 30 - 20.525 ms[39m
[35m[39m
2023-06-10 14:01:37:137 [35mhttp[39m: [35mPOST /api/upload 500 42 - 2.232 ms[39m
[35m[39m
2023-06-10 14:02:00:20 [35mhttp[39m: [35mPOST /api/upload 200 14053 - 1175.446 ms[39m
[35m[39m
2023-06-10 14:03:17:317 [35mhttp[39m: [35mPOST /api/upload 500 30 - 2.763 ms[39m
[35m[39m
2023-06-10 14:04:16:416 [35mhttp[39m: [35mPOST /api/upload 500 30 - 1.863 ms[39m
[35m[39m
2023-06-10 14:10:27:1027 [35mhttp[39m: [35mPOST /api/upload 500 30 - 3.571 ms[39m
[35m[39m
2023-06-10 14:12:44:1244 [35mhttp[39m: [35mPOST /api/upload 500 30 - 2.072 ms[39m
[35m[39m
2023-06-10 14:15:51:1551 [35mhttp[39m: [35mPOST /api/upload 500 30 - 2.110 ms[39m
[35m[39m
2023-06-10 14:21:34:2134 [35mhttp[39m: [35mPOST /api/upload 500 30 - 3.085 ms[39m
[35m[39m
2023-06-10 14:27:38:2738 [35mhttp[39m: [35mGET /api/product 200 14053 - 106.110 ms[39m
[35m[39m
2023-06-10 14:27:38:2738 [35mhttp[39m: [35mGET /api/product 304 - - 15.046 ms[39m
[35m[39m
2023-06-10 14:28:22:2822 [35mhttp[39m: [35mGET /api/product 200 14053 - 142.865 ms[39m
[35m[39m
2023-06-10 14:28:23:2823 [35mhttp[39m: [35mGET /api/product 200 14053 - 186.647 ms[39m
[35m[39m
2023-06-10 14:29:11:2911 [35mhttp[39m: [35mGET /api/product 200 14053 - 6.997 ms[39m
[35m[39m
2023-06-10 14:29:16:2916 [35mhttp[39m: [35mGET /api/product 200 14053 - 7.326 ms[39m
[35m[39m
2023-06-10 14:29:16:2916 [35mhttp[39m: [35mGET /api/product 200 14053 - 8.742 ms[39m
[35m[39m
2023-06-10 14:30:06:306 [35mhttp[39m: [35mGET /api/product 304 - - 6.479 ms[39m
[35m[39m
2023-06-10 14:30:37:3037 [35mhttp[39m: [35mGET /api/product 304 - - 5.699 ms[39m
[35m[39m
2023-06-10 14:30:41:3041 [35mhttp[39m: [35mGET /api/product 304 - - 7.439 ms[39m
[35m[39m
2023-06-10 14:30:41:3041 [35mhttp[39m: [35mGET /api/product 304 - - 5.504 ms[39m
[35m[39m
2023-06-10 14:30:52:3052 [35mhttp[39m: [35mGET /api/product 304 - - 7.613 ms[39m
[35m[39m
2023-06-10 14:31:06:316 [35mhttp[39m: [35mGET /api/product 304 - - 5.188 ms[39m
[35m[39m
2023-06-10 14:31:14:3114 [35mhttp[39m: [35mGET /api/product 304 - - 8.524 ms[39m
[35m[39m
2023-06-10 14:31:30:3130 [35mhttp[39m: [35mGET /api/product 304 - - 4.973 ms[39m
[35m[39m
2023-06-10 14:31:56:3156 [35mhttp[39m: [35mGET /api/product 304 - - 6.429 ms[39m
[35m[39m
2023-06-10 14:32:06:326 [35mhttp[39m: [35mGET /api/product 304 - - 5.319 ms[39m
[35m[39m
2023-06-10 14:32:09:329 [35mhttp[39m: [35mGET /api/product 304 - - 4.755 ms[39m
[35m[39m
2023-06-10 14:32:17:3217 [35mhttp[39m: [35mGET /api/product 304 - - 4.209 ms[39m
[35m[39m
2023-06-10 14:32:25:3225 [35mhttp[39m: [35mGET /api/product 304 - - 4.540 ms[39m
[35m[39m
2023-06-10 14:43:21:4321 [35mhttp[39m: [35mGET /api/product 304 - - 76.871 ms[39m
[35m[39m
2023-06-10 14:44:17:4417 [35mhttp[39m: [35mGET /api/product 304 - - 9.292 ms[39m
[35m[39m
2023-06-10 14:44:21:4421 [35mhttp[39m: [35mGET /api/product 304 - - 5.099 ms[39m
[35m[39m
2023-06-10 14:58:13:5813 [35mhttp[39m: [35mGET /api/product 304 - - 50.447 ms[39m
[35m[39m
2023-06-10 14:58:19:5819 [35mhttp[39m: [35mGET /api/product 304 - - 4.896 ms[39m
[35m[39m
2023-06-10 15:02:00:20 [35mhttp[39m: [35mGET /api/product 304 - - 7.312 ms[39m
[35m[39m
2023-06-10 15:02:19:219 [35mhttp[39m: [35mGET /api/product 304 - - 7.550 ms[39m
[35m[39m
2023-06-10 15:02:25:225 [35mhttp[39m: [35mGET /api/product 304 - - 5.080 ms[39m
[35m[39m
2023-06-10 15:04:22:422 [35mhttp[39m: [35mGET /api/product 304 - - 9.614 ms[39m
[35m[39m
2023-06-10 15:04:27:427 [35mhttp[39m: [35mGET /api/product 304 - - 5.412 ms[39m
[35m[39m
2023-06-10 15:11:42:1142 [35mhttp[39m: [35mGET /api/product 304 - - 53.184 ms[39m
[35m[39m
2023-06-10 15:11:42:1142 [35mhttp[39m: [35mGET /api/product 304 - - 6.554 ms[39m
[35m[39m
2023-06-10 15:11:51:1151 [35mhttp[39m: [35mDELETE /api/product/f4763ec6-06e6-4e90-8b09-cc1564b3bf04 200 250 - 827.160 ms[39m
[35m[39m
2023-06-10 15:12:00:120 [35mhttp[39m: [35mGET /api/product 200 13802 - 6.512 ms[39m
[35m[39m
2023-06-10 15:12:00:120 [35mhttp[39m: [35mGET /api/product 304 - - 6.879 ms[39m
[35m[39m
2023-06-10 15:17:08:178 [35mhttp[39m: [35mGET /api/product 304 - - 78.023 ms[39m
[35m[39m
2023-06-10 15:17:08:178 [35mhttp[39m: [35mGET /api/product 304 - - 6.474 ms[39m
[35m[39m
2023-06-10 15:18:19:1819 [35mhttp[39m: [35mGET /api/product 304 - - 6.352 ms[39m
[35m[39m
2023-06-10 15:18:19:1819 [35mhttp[39m: [35mGET /api/product 304 - - 4.801 ms[39m
[35m[39m
2023-06-10 15:18:32:1832 [35mhttp[39m: [35mPATCH /api/product/e94df4b8-af0b-40d8-aa5d-116aceb43bdc 200 182 - 31.654 ms[39m
[35m[39m
2023-06-10 15:19:40:1940 [35mhttp[39m: [35mDELETE /api/product/735ff88f-c21e-4225-82f2-f50872a521bf 200 166 - 50.621 ms[39m
[35m[39m
2023-06-10 15:19:50:1950 [35mhttp[39m: [35mPATCH /api/product/bd90aded-92cb-46fa-aee4-675f686db089 200 193 - 22.459 ms[39m
[35m[39m
2023-06-10 15:19:50:1950 [35mhttp[39m: [35mPATCH /api/product/bd90aded-92cb-46fa-aee4-675f686db089 200 193 - 67.176 ms[39m
[35m[39m
2023-06-10 15:20:21:2021 [35mhttp[39m: [35mPATCH /api/product/4374f11c-1431-45a5-88af-7d2cdbf6e287 200 187 - 19.638 ms[39m
[35m[39m
2023-06-10 15:24:23:2423 [35mhttp[39m: [35mGET /api/product 200 13647 - 11.562 ms[39m
[35m[39m
2023-06-10 15:24:23:2423 [35mhttp[39m: [35mGET /api/product 304 - - 6.954 ms[39m
[35m[39m
2023-06-10 15:24:44:2444 [35mhttp[39m: [35mPATCH /api/product/4a1fd601-2d32-4694-a700-52c3ca11725c 200 171 - 19.724 ms[39m
[35m[39m
2023-06-10 15:24:47:2447 [35mhttp[39m: [35mDELETE /api/product/4a1fd601-2d32-4694-a700-52c3ca11725c 200 171 - 243.865 ms[39m
[35m[39m
2023-06-10 15:24:47:2447 [35mhttp[39m: [35mDELETE /api/product/4a1fd601-2d32-4694-a700-52c3ca11725c 200 171 - 243.066 ms[39m
[35m[39m
2023-06-10 15:28:21:2821 [35mhttp[39m: [35mPOST /api/upload 500 30 - 3.998 ms[39m
[35m[39m
2023-06-10 15:29:48:2948 [35mhttp[39m: [35mPATCH /api/product/a46e8d7a-25ae-462f-ac1c-fa212648bb0f 200 224 - 61.780 ms[39m
[35m[39m
2023-06-10 15:35:31:3531 [35mhttp[39m: [35mGET /api/product 200 13443 - 94.006 ms[39m
[35m[39m
2023-06-10 15:35:31:3531 [35mhttp[39m: [35mGET /api/product 304 - - 6.445 ms[39m
[35m[39m
2023-06-10 15:36:01:361 [35mhttp[39m: [35mGET /api/product 304 - - 25.976 ms[39m
[35m[39m
2023-06-10 15:36:02:362 [35mhttp[39m: [35mGET /api/product 304 - - 124.252 ms[39m
[35m[39m
2023-06-10 15:36:51:3651 [35mhttp[39m: [35mPATCH /api/product/45dde601-cc58-4529-be2d-d638254a4bbd 200 272 - 86.724 ms[39m
[35m[39m
2023-06-10 15:37:01:371 [35mhttp[39m: [35mPATCH /api/product/45dde601-cc58-4529-be2d-d638254a4bbd 200 143 - 17.805 ms[39m
[35m[39m
2023-06-10 15:37:48:3748 [35mhttp[39m: [35mPATCH /api/product/45dde601-cc58-4529-be2d-d638254a4bbd 200 143 - 17.084 ms[39m
[35m[39m
